[    0.000000] Linux version 4.15.0-200-generic (buildd@lcy02-amd64-069) (gcc version 7.5.0 (Ubuntu 7.5.0-3ubuntu1~18.04)) #211-Ubuntu SMP Thu Nov 24 18:16:04 UTC 2022 (Ubuntu 4.15.0-200.211-generic 4.15.18)
[    0.000000] Command line: BOOT_IMAGE=/boot/vmlinuz-4.15.0-200-generic root=LABEL=cloudimg-rootfs ro console=tty1 console=ttyS0
[    0.000000] KERNEL supported cpus:
[    0.000000]   Intel GenuineIntel
[    0.000000]   AMD AuthenticAMD
[    0.000000]   Centaur CentaurHauls
[    0.000000] x86/fpu: Supporting XSAVE feature 0x001: 'x87 floating point registers'
[    0.000000] x86/fpu: Supporting XSAVE feature 0x002: 'SSE registers'
[    0.000000] x86/fpu: Supporting XSAVE feature 0x004: 'AVX registers'
[    0.000000] x86/fpu: xstate_offset[2]:  576, xstate_sizes[2]:  256
[    0.000000] x86/fpu: Enabled xstate features 0x7, context size is 832 bytes, using 'standard' format.
[    0.000000] e820: BIOS-provided physical RAM map:
[    0.000000] BIOS-e820: [mem 0x0000000000000000-0x000000000009fbff] usable
[    0.000000] BIOS-e820: [mem 0x000000000009fc00-0x000000000009ffff] reserved
[    0.000000] BIOS-e820: [mem 0x00000000000f0000-0x00000000000fffff] reserved
[    0.000000] BIOS-e820: [mem 0x0000000000100000-0x000000003ffeffff] usable
[    0.000000] BIOS-e820: [mem 0x000000003fff0000-0x000000003fffffff] ACPI data
[    0.000000] BIOS-e820: [mem 0x00000000fec00000-0x00000000fec00fff] reserved
[    0.000000] BIOS-e820: [mem 0x00000000fee00000-0x00000000fee00fff] reserved
[    0.000000] BIOS-e820: [mem 0x00000000fffc0000-0x00000000ffffffff] reserved
[    0.000000] NX (Execute Disable) protection: active
[    0.000000] SMBIOS 2.5 present.
[    0.000000] DMI: innotek GmbH VirtualBox/VirtualBox, BIOS VirtualBox 12/01/2006
[    0.000000] Hypervisor detected: KVM
[    0.000000] e820: last_pfn = 0x3fff0 max_arch_pfn = 0x400000000
[    0.000000] MTRR: Disabled
[    0.000000] x86/PAT: MTRRs disabled, skipping PAT initialization too.
[    0.000000] CPU MTRRs all blank - virtualized system.
[    0.000000] x86/PAT: Configuration [0-7]: WB  WT  UC- UC  WB  WT  UC- UC  
[    0.000000] found SMP MP-table at [mem 0x0009fff0-0x0009ffff]
[    0.000000] Scanning 1 areas for low memory corruption
[    0.000000] RAMDISK: [mem 0x359c9000-0x36cdbfff]
[    0.000000] ACPI: Early table checksum verification disabled
[    0.000000] ACPI: RSDP 0x00000000000E0000 000024 (v02 VBOX  )
[    0.000000] ACPI: XSDT 0x000000003FFF0030 00003C (v01 VBOX   VBOXXSDT 00000001 ASL  00000061)
[    0.000000] ACPI: FACP 0x000000003FFF00F0 0000F4 (v04 VBOX   VBOXFACP 00000001 ASL  00000061)
[    0.000000] ACPI: DSDT 0x000000003FFF0610 002353 (v02 VBOX   VBOXBIOS 00000002 INTL 20200528)
[    0.000000] ACPI: FACS 0x000000003FFF0200 000040
[    0.000000] ACPI: FACS 0x000000003FFF0200 000040
[    0.000000] ACPI: APIC 0x000000003FFF0240 00005C (v02 VBOX   VBOXAPIC 00000001 ASL  00000061)
[    0.000000] ACPI: SSDT 0x000000003FFF02A0 00036C (v01 VBOX   VBOXCPUT 00000002 INTL 20200528)
[    0.000000] ACPI: Reserving FACP table memory at [mem 0x3fff00f0-0x3fff01e3]
[    0.000000] ACPI: Reserving DSDT table memory at [mem 0x3fff0610-0x3fff2962]
[    0.000000] ACPI: Reserving FACS table memory at [mem 0x3fff0200-0x3fff023f]
[    0.000000] ACPI: Reserving FACS table memory at [mem 0x3fff0200-0x3fff023f]
[    0.000000] ACPI: Reserving APIC table memory at [mem 0x3fff0240-0x3fff029b]
[    0.000000] ACPI: Reserving SSDT table memory at [mem 0x3fff02a0-0x3fff060b]
[    0.000000] No NUMA configuration found
[    0.000000] Faking a node at [mem 0x0000000000000000-0x000000003ffeffff]
[    0.000000] NODE_DATA(0) allocated [mem 0x3ffc5000-0x3ffeffff]
[    0.000000] kvm-clock: cpu 0, msr 0:3ff44001, primary cpu clock
[    0.000000] kvm-clock: Using msrs 4b564d01 and 4b564d00
[    0.000000] kvm-clock: using sched offset of 4095189815 cycles
[    0.000000] clocksource: kvm-clock: mask: 0xffffffffffffffff max_cycles: 0x1cd42e4dffb, max_idle_ns: 881590591483 ns
[    0.000000] Zone ranges:
[    0.000000]   DMA      [mem 0x0000000000001000-0x0000000000ffffff]
[    0.000000]   DMA32    [mem 0x0000000001000000-0x000000003ffeffff]
[    0.000000]   Normal   empty
[    0.000000]   Device   empty
[    0.000000] Movable zone start for each node
[    0.000000] Early memory node ranges
[    0.000000]   node   0: [mem 0x0000000000001000-0x000000000009efff]
[    0.000000]   node   0: [mem 0x0000000000100000-0x000000003ffeffff]
[    0.000000] Reserved but unavailable: 104 pages
[    0.000000] Initmem setup node 0 [mem 0x0000000000001000-0x000000003ffeffff]
[    0.000000] ACPI: PM-Timer IO Port: 0x4008
[    0.000000] IOAPIC[0]: apic_id 2, version 32, address 0xfec00000, GSI 0-23
[    0.000000] ACPI: INT_SRC_OVR (bus 0 bus_irq 0 global_irq 2 dfl dfl)
[    0.000000] ACPI: INT_SRC_OVR (bus 0 bus_irq 9 global_irq 9 low level)
[    0.000000] Using ACPI (MADT) for SMP configuration information
[    0.000000] smpboot: Allowing 2 CPUs, 0 hotplug CPUs
[    0.000000] PM: Registered nosave memory: [mem 0x00000000-0x00000fff]
[    0.000000] PM: Registered nosave memory: [mem 0x0009f000-0x0009ffff]
[    0.000000] PM: Registered nosave memory: [mem 0x000a0000-0x000effff]
[    0.000000] PM: Registered nosave memory: [mem 0x000f0000-0x000fffff]
[    0.000000] e820: [mem 0x40000000-0xfebfffff] available for PCI devices
[    0.000000] Booting paravirtualized kernel on KVM
[    0.000000] clocksource: refined-jiffies: mask: 0xffffffff max_cycles: 0xffffffff, max_idle_ns: 7645519600211568 ns
[    0.000000] setup_percpu: NR_CPUS:8192 nr_cpumask_bits:2 nr_cpu_ids:2 nr_node_ids:1
[    0.000000] percpu: Embedded 50 pages/cpu s167936 r8192 d28672 u1048576
[    0.000000] PV qspinlock hash table entries: 256 (order: 0, 4096 bytes)
[    0.000000] Built 1 zonelists, mobility grouping on.  Total pages: 257913
[    0.000000] Policy zone: DMA32
[    0.000000] Kernel command line: BOOT_IMAGE=/boot/vmlinuz-4.15.0-200-generic root=LABEL=cloudimg-rootfs ro console=tty1 console=ttyS0
[    0.000000] Memory: 982648K/1048120K available (12300K kernel code, 2477K rwdata, 4320K rodata, 2472K init, 2720K bss, 65472K reserved, 0K cma-reserved)
[    0.000000] SLUB: HWalign=64, Order=0-3, MinObjects=0, CPUs=2, Nodes=1
[    0.000000] Kernel/User page tables isolation: enabled
[    0.000000] ftrace: allocating 39478 entries in 155 pages
[    0.004000] Hierarchical RCU implementation.
[    0.004000] 	RCU restricting CPUs from NR_CPUS=8192 to nr_cpu_ids=2.
[    0.004000] 	Tasks RCU enabled.
[    0.004000] RCU: Adjusting geometry for rcu_fanout_leaf=16, nr_cpu_ids=2
[    0.004000] NR_IRQS: 524544, nr_irqs: 440, preallocated irqs: 16
[    0.004000] random: crng init done
[    0.004000] Console: colour VGA+ 80x25
[    0.004000] console [tty1] enabled
[    0.004000] console [ttyS0] enabled
[    0.004000] ACPI: Core revision 20170831
[    0.004000] ACPI: 2 ACPI AML tables successfully acquired and loaded
[    0.004000] APIC: Switch to symmetric I/O mode setup
[    0.005942] x2apic enabled
[    0.008026] Switched APIC routing to physical x2apic.
[    0.016000] ..TIMER: vector=0x30 apic1=0 pin1=2 apic2=-1 pin2=-1
[    0.016008] tsc: Detected 1607.930 MHz processor
[    0.020015] Calibrating delay loop (skipped) preset value.. 3215.86 BogoMIPS (lpj=6431720)
[    0.024099] pid_max: default: 32768 minimum: 301
[    0.028139] Security Framework initialized
[    0.032052] Yama: becoming mindful.
[    0.036258] AppArmor: AppArmor initialized
[    0.045013] Dentry cache hash table entries: 131072 (order: 8, 1048576 bytes)
[    0.052824] Inode-cache hash table entries: 65536 (order: 7, 524288 bytes)
[    0.056085] Mount-cache hash table entries: 2048 (order: 2, 16384 bytes)
[    0.060049] Mountpoint-cache hash table entries: 2048 (order: 2, 16384 bytes)
[    0.068701] Last level iTLB entries: 4KB 64, 2MB 8, 4MB 8
[    0.072011] Last level dTLB entries: 4KB 64, 2MB 0, 4MB 0, 1GB 4
[    0.076057] Spectre V1 : Mitigation: usercopy/swapgs barriers and __user pointer sanitization
[    0.080008] Spectre V2 : Mitigation: Retpolines
[    0.084007] Spectre V2 : Spectre v2 / SpectreRSB mitigation: Filling RSB on context switch
[    0.088007] Speculative Store Bypass: Vulnerable
[    0.092128] MDS: Mitigation: Clear CPU buffers
[    0.096007] MMIO Stale Data: Mitigation: Clear CPU buffers
[    0.100024] SRBDS: Unknown: Dependent on hypervisor status
[    0.104203] Freeing SMP alternatives memory: 36K
[    0.224337] smpboot: CPU0: Intel(R) Core(TM) i5-8210Y CPU @ 1.60GHz (family: 0x6, model: 0x8e, stepping: 0x9)
[    0.232330] Performance Events: unsupported p6 CPU model 142 no PMU driver, software events only.
[    0.236240] Hierarchical SRCU implementation.
[    0.241046] NMI watchdog: Perf event create on CPU 0 failed with -2
[    0.244007] NMI watchdog: Perf NMI watchdog permanently disabled
[    0.248192] smp: Bringing up secondary CPUs ...
[    0.252486] x86: Booting SMP configuration:
[    0.256068] .... node  #0, CPUs:      #1
[    0.004000] kvm-clock: cpu 1, msr 0:3ff44041, secondary cpu clock
[    0.272070] smp: Brought up 1 node, 2 CPUs
[    0.276015] smpboot: Max logical packages: 1
[    0.280010] smpboot: Total of 2 processors activated (6431.72 BogoMIPS)
[    0.284304] devtmpfs: initialized
[    0.288086] x86/mm: Memory block size: 128MB
[    0.292320] evm: security.selinux
[    0.295503] evm: security.SMACK64
[    0.296005] evm: security.SMACK64EXEC
[    0.300004] evm: security.SMACK64TRANSMUTE
[    0.304006] evm: security.SMACK64MMAP
[    0.308008] evm: security.apparmor
[    0.311794] evm: security.ima
[    0.312006] evm: security.capability
[    0.316209] clocksource: jiffies: mask: 0xffffffff max_cycles: 0xffffffff, max_idle_ns: 7645041785100000 ns
[    0.320071] futex hash table entries: 512 (order: 3, 32768 bytes)
[    0.324135] pinctrl core: initialized pinctrl subsystem
[    0.328471] RTC time:  1:24:15, date: 12/25/22
[    0.332503] NET: Registered protocol family 16
[    0.336123] audit: initializing netlink subsys (disabled)
[    0.340183] audit: type=2000 audit(1671931460.324:1): state=initialized audit_enabled=0 res=1
[    0.348017] cpuidle: using governor ladder
[    0.352024] cpuidle: using governor menu
[    0.356119] ACPI: bus type PCI registered
[    0.360008] acpiphp: ACPI Hot Plug PCI Controller Driver version: 0.5
[    0.364759] PCI: Using configuration type 1 for base access
[    0.376176] HugeTLB registered 2.00 MiB page size, pre-allocated 0 pages
[    0.384566] ACPI: Added _OSI(Module Device)
[    0.388011] ACPI: Added _OSI(Processor Device)
[    0.392008] ACPI: Added _OSI(3.0 _SCP Extensions)
[    0.396013] ACPI: Added _OSI(Processor Aggregator Device)
[    0.400012] ACPI: Added _OSI(Linux-Dell-Video)
[    0.404019] ACPI: Added _OSI(Linux-Lenovo-NV-HDMI-Audio)
[    0.412019] ACPI: Added _OSI(Linux-HPI-Hybrid-Graphics)
[    0.416910] ACPI: Executed 1 blocks of module-level executable AML code
[    0.430289] ACPI: Interpreter enabled
[    0.432056] ACPI: (supports S0 S5)
[    0.436008] ACPI: Using IOAPIC for interrupt routing
[    0.440728] PCI: Using host bridge windows from ACPI; if necessary, use "pci=nocrs" and report a bug
[    0.444366] ACPI: Enabled 2 GPEs in block 00 to 07
[    0.465557] ACPI: PCI Root Bridge [PCI0] (domain 0000 [bus 00-ff])
[    0.468057] acpi PNP0A03:00: _OSC: OS supports [ASPM ClockPM Segments MSI]
[    0.473473] acpi PNP0A03:00: _OSC: not requesting OS control; OS requires [ExtendedConfig ASPM ClockPM MSI]
[    0.476026] acpi PNP0A03:00: fail to add MMCONFIG information, can't access extended PCI configuration space under this bridge.
[    0.484726] PCI host bridge to bus 0000:00
[    0.488000] pci_bus 0000:00: root bus resource [io  0x0000-0x0cf7 window]
[    0.488013] pci_bus 0000:00: root bus resource [io  0x0d00-0xffff window]
[    0.492019] pci_bus 0000:00: root bus resource [mem 0x000a0000-0x000bffff window]
[    0.496011] pci_bus 0000:00: root bus resource [mem 0x40000000-0xfdffffff window]
[    0.500011] pci_bus 0000:00: root bus resource [bus 00-ff]
[    0.513978] pci 0000:00:01.1: legacy IDE quirk: reg 0x10: [io  0x01f0-0x01f7]
[    0.516010] pci 0000:00:01.1: legacy IDE quirk: reg 0x14: [io  0x03f6]
[    0.520007] pci 0000:00:01.1: legacy IDE quirk: reg 0x18: [io  0x0170-0x0177]
[    0.524004] pci 0000:00:01.1: legacy IDE quirk: reg 0x1c: [io  0x0376]
[    0.576000] pci 0000:00:07.0: quirk: [io  0x4000-0x403f] claimed by PIIX4 ACPI
[    0.576000] pci 0000:00:07.0: quirk: [io  0x4100-0x410f] claimed by PIIX4 SMB
[    0.601210] ACPI: PCI Interrupt Link [LNKA] (IRQs 5 9 10 *11)
[    0.608638] ACPI: PCI Interrupt Link [LNKB] (IRQs 5 9 *10 11)
[    0.612000] ACPI: PCI Interrupt Link [LNKC] (IRQs 5 *9 10 11)
[    0.616249] ACPI: PCI Interrupt Link [LNKD] (IRQs 5 9 10 *11)
[    0.620000] SCSI subsystem initialized
[    0.620000] pci 0000:00:02.0: vgaarb: setting as boot VGA device
[    0.620000] pci 0000:00:02.0: vgaarb: VGA device added: decodes=io+mem,owns=io+mem,locks=none
[    0.624014] pci 0000:00:02.0: vgaarb: bridge control possible
[    0.632006] vgaarb: loaded
[    0.634525] ACPI: bus type USB registered
[    0.634525] usbcore: registered new interface driver usbfs
[    0.636000] usbcore: registered new interface driver hub
[    0.636032] usbcore: registered new device driver usb
[    0.640097] EDAC MC: Ver: 3.0.0
[    0.664119] PCI: Using ACPI for IRQ routing
[    0.672772] NetLabel: Initializing
[    0.680007] NetLabel:  domain hash size = 128
[    0.688007] NetLabel:  protocols = UNLABELED CIPSOv4 CALIPSO
[    0.692139] NetLabel:  unlabeled traffic allowed by default
[    0.696159] clocksource: Switched to clocksource kvm-clock
[    0.733672] VFS: Disk quotas dquot_6.6.0
[    0.738504] VFS: Dquot-cache hash table entries: 512 (order 0, 4096 bytes)
[    0.744596] AppArmor: AppArmor Filesystem Enabled
[    0.778551] pnp: PnP ACPI init
[    0.783754] pnp: PnP ACPI: found 3 devices
[    0.799255] clocksource: acpi_pm: mask: 0xffffff max_cycles: 0xffffff, max_idle_ns: 2085701024 ns
[    0.817725] NET: Registered protocol family 2
[    0.888191] IP idents hash table entries: 16384 (order: 5, 131072 bytes)
[    0.933294] TCP established hash table entries: 8192 (order: 4, 65536 bytes)
[    0.948818] TCP bind hash table entries: 8192 (order: 5, 131072 bytes)
[    0.972350] TCP: Hash tables configured (established 8192 bind 8192)
[    0.983307] UDP hash table entries: 512 (order: 2, 16384 bytes)
[    0.996763] UDP-Lite hash table entries: 512 (order: 2, 16384 bytes)
[    1.010077] NET: Registered protocol family 1
[    1.018938] pci 0000:00:00.0: Limiting direct PCI/PCI transfers
[    1.033813] pci 0000:00:01.0: Activating ISA DMA hang workarounds
[    1.044147] pci 0000:00:02.0: Video device with shadowed ROM at [mem 0x000c0000-0x000dffff]
[    1.057154] Unpacking initramfs...
[    1.499736] Freeing initrd memory: 19532K
[    1.504000] clocksource: tsc: mask: 0xffffffffffffffff max_cycles: 0x172d681fdc2, max_idle_ns: 440795207258 ns
[    1.512850] platform rtc_cmos: registered platform RTC device (no PNP device found)
[    1.520158] Scanning for low memory corruption every 60 seconds
[    1.556686] Initialise system trusted keyrings
[    1.562272] Key type blacklist registered
[    1.565915] workingset: timestamp_bits=36 max_order=18 bucket_order=0
[    1.569860] zbud: loaded
[    1.577601] squashfs: version 4.0 (2009/01/31) Phillip Lougher
[    1.584136] fuse init (API version 7.26)
[    1.601038] Key type asymmetric registered
[    1.604948] Asymmetric key parser 'x509' registered
[    1.609911] Block layer SCSI generic (bsg) driver version 0.4 loaded (major 246)
[    1.617961] io scheduler noop registered
[    1.621948] io scheduler deadline registered
[    1.630919] io scheduler cfq registered (default)
[    1.638776] ACPI: AC Adapter [AC] (on-line)
[    1.641937] input: Power Button as /devices/LNXSYSTM:00/LNXPWRBN:00/input/input0
[    1.649575] ACPI: Power Button [PWRF]
[    1.653458] input: Sleep Button as /devices/LNXSYSTM:00/LNXSLPBN:00/input/input1
[    1.663875] ACPI: Sleep Button [SLPF]
[    1.669317] Serial: 8250/16550 driver, 32 ports, IRQ sharing enabled
[    1.672406] ACPI: Battery Slot [BAT0] (battery present)
[    1.709693] 00:02: ttyS0 at I/O 0x3f8 (irq = 4, base_baud = 115200) is a 16550A
[    1.718319] Linux agpgart interface v0.103
[    1.731424] loop: module loaded
[    1.736523] scsi host0: ata_piix
[    1.740653] scsi host1: ata_piix
[    1.743345] ata1: PATA max UDMA/33 cmd 0x1f0 ctl 0x3f6 bmdma 0xd000 irq 14
[    1.749195] ata2: PATA max UDMA/33 cmd 0x170 ctl 0x376 bmdma 0xd008 irq 15
[    1.765151] tun: Universal TUN/TAP device driver, 1.6
[    1.769368] PPP generic driver version 2.4.2
[    1.773274] ehci_hcd: USB 2.0 'Enhanced' Host Controller (EHCI) Driver
[    1.778772] ehci-pci: EHCI PCI platform driver
[    1.784831] ehci-platform: EHCI generic platform driver
[    1.795392] ohci_hcd: USB 1.1 'Open' Host Controller (OHCI) Driver
[    1.800238] ohci-pci: OHCI PCI platform driver
[    1.803997] ohci-platform: OHCI generic platform driver
[    1.808649] uhci_hcd: USB Universal Host Controller Interface driver
[    1.812600] i8042: PNP: PS/2 Controller [PNP0303:PS2K,PNP0f03:PS2M] at 0x60,0x64 irq 1,12
[    1.826511] serio: i8042 KBD port at 0x60,0x64 irq 1
[    1.828870] serio: i8042 AUX port at 0x60,0x64 irq 12
[    1.828870] mousedev: PS/2 mouse device common for all mice
[    1.841672] input: AT Translated Set 2 keyboard as /devices/platform/i8042/serio0/input/input2
[    1.850709] rtc_cmos rtc_cmos: rtc core: registered rtc_cmos as rtc0
[    1.862491] rtc_cmos rtc_cmos: alarms up to one day, 114 bytes nvram
[    1.867631] i2c /dev entries driver
[    1.871097] device-mapper: uevent: version 1.0.3
[    1.871589] device-mapper: ioctl: 4.37.0-ioctl (2017-09-20) initialised: dm-devel@redhat.com
[    1.882424] ledtrig-cpu: registered to indicate activity on CPUs
[    1.893792] NET: Registered protocol family 10
[    1.906197] Segment Routing with IPv6
[    1.909583] NET: Registered protocol family 17
[    1.915159] Key type dns_resolver registered
[    1.920794] mce: Using 0 MCE banks
[    1.939105] RAS: Correctable Errors collector initialized.
[    1.947759] sched_clock: Marking stable (1947556749, 0)->(3043667420, -1096110671)
[    1.999482] registered taskstats version 1
[    2.003132] Loading compiled-in X.509 certificates
[    2.011169] Loaded X.509 cert 'Build time autogenerated kernel key: 29e5beaa583364da097e68c9386761f80dbce7ef'
[    2.020146] Loaded X.509 cert 'Canonical Ltd. Live Patch Signing: 14df34d1a87cf37625abec039ef2bf521249b969'
[    2.033301] Loaded X.509 cert 'Canonical Ltd. Kernel Module Signing: 88f752e560a1e0737e31163a466ad7b70a850c19'
[    2.042039] blacklist: Loading compiled-in revocation X.509 certificates
[    2.049828] Loaded X.509 cert 'Canonical Ltd. Secure Boot Signing: 61482aa2830d0ab2ad5af10b7250da9033ddcef0'
[    2.065859] zswap: loaded using pool lzo/zbud
[    2.076470] Key type big_key registered
[    2.081095] Key type trusted registered
[    2.091253] Key type encrypted registered
[    2.094568] AppArmor: AppArmor sha1 policy hashing enabled
[    2.099148] ima: No TPM chip found, activating TPM-bypass! (rc=-19)
[    2.112257] ima: Allocated hash algorithm: sha1
[    2.117484] evm: HMAC attrs: 0x1
[    2.136411]   Magic number: 2:394:408
[    2.141573] rtc_cmos rtc_cmos: setting system clock to 2022-12-25 01:24:17 UTC (1671931457)
[    2.152800] BIOS EDD facility v0.16 2004-Jun-25, 0 devices found
[    2.169780] EDD information not available.
[    2.184911] Freeing unused kernel image memory: 2472K
[    2.224262] Write protecting the kernel read-only data: 20480k
[    2.239235] Freeing unused kernel image memory: 2008K
[    2.250321] Freeing unused kernel image memory: 1824K
[    2.266972] x86/mm: Checked W+X mappings: passed, no W+X pages found.
[    2.273780] x86/mm: Checking user space page tables
[    2.289494] x86/mm: Checked W+X mappings: passed, no W+X pages found.
Loading, please wait...
starting version 237
[    2.408767] e1000: Intel(R) PRO/1000 Network Driver - version 7.3.21-k8-NAPI
[    2.416470] e1000: Copyright (c) 1999-2006 Intel Corporation.
[    2.472950] Fusion MPT base driver 3.04.20
[    2.478738] Copyright (c) 1999-2008 LSI Corporation
[    2.500679] AVX2 version of gcm_enc/dec engaged.
[    2.517724] AES CTR mode by8 optimization enabled
[    2.568611] Fusion MPT SPI Host driver 3.04.20
[    2.704062] input: ImExPS/2 Generic Explorer Mouse as /devices/platform/i8042/serio1/input/input4
[    3.269685] e1000 0000:00:03.0 eth0: (PCI:33MHz:32-bit) 02:40:49:ac:f0:20
[    3.282457] e1000 0000:00:03.0 eth0: Intel(R) PRO/1000 Network Connection
[    3.298952] mptbase: ioc0: Initiating bringup
[    3.419727] ioc0: LSI53C1030 A0: Capabilities={Initiator}
[    3.676907] scsi host2: ioc0: LSI53C1030 A0, FwRev=00000000h, Ports=1, MaxQ=256, IRQ=20
[    3.845858] scsi 2:0:0:0: Direct-Access     VBOX     HARDDISK         1.0  PQ: 0 ANSI: 5
[    3.904344] scsi target2:0:0: Beginning Domain Validation
[    3.980286] scsi target2:0:0: Domain Validation skipping write tests
[    3.985978] scsi target2:0:0: Ending Domain Validation
[    4.011632] scsi target2:0:0: asynchronous
[    4.025672] scsi 2:0:1:0: Direct-Access     VBOX     HARDDISK         1.0  PQ: 0 ANSI: 5
[    4.407820] scsi target2:0:1: Beginning Domain Validation
[    4.416895] scsi target2:0:1: Domain Validation skipping write tests
[    4.424482] scsi target2:0:1: Ending Domain Validation
[    4.435347] scsi target2:0:1: asynchronous
[    4.466190] sd 2:0:0:0: Attached scsi generic sg0 type 0
[    4.474797] sd 2:0:0:0: [sda] 83886080 512-byte logical blocks: (42.9 GB/40.0 GiB)
[    4.476137] sd 2:0:1:0: [sdb] 20480 512-byte logical blocks: (10.5 MB/10.0 MiB)
[    4.523599] sd 2:0:1:0: [sdb] Write Protect is off
[    4.534388] sd 2:0:1:0: [sdb] Incomplete mode parameter data
[    4.546436] sd 2:0:1:0: [sdb] Assuming drive cache: write through
[    4.550969] sd 2:0:1:0: Attached scsi generic sg1 type 0
[    4.580616] sd 2:0:0:0: [sda] Write Protect is off
[    4.597492] sd 2:0:0:0: [sda] Incomplete mode parameter data
[    4.612075] e1000 0000:00:08.0 eth1: (PCI:33MHz:32-bit) 08:00:27:0c:22:6a
[    4.663102] sd 2:0:0:0: [sda] Assuming drive cache: write through
[    4.676247] e1000 0000:00:08.0 eth1: Intel(R) PRO/1000 Network Connection
[    4.688339] sd 2:0:1:0: [sdb] Attached SCSI disk
[    4.718252]  sda: sda1
[    4.729663] sd 2:0:0:0: [sda] Attached SCSI disk
[    4.739269] e1000 0000:00:08.0 enp0s8: renamed from eth1
[    4.782213] e1000 0000:00:03.0 enp0s3: renamed from eth0
Begin: Loading essential drivers ... [    7.425266] raid6: sse2x1   gen()  6894 MB/s
[    7.476738] raid6: sse2x1   xor()  3894 MB/s
[    7.529092] raid6: sse2x2   gen()  9107 MB/s
[    7.580194] raid6: sse2x2   xor()  6824 MB/s
[    7.632374] raid6: sse2x4   gen() 10858 MB/s
[    7.684172] raid6: sse2x4   xor()  7633 MB/s
[    7.740178] raid6: avx2x1   gen() 15738 MB/s
[    7.788125] raid6: avx2x1   xor() 10605 MB/s
[    7.845188] raid6: avx2x2   gen() 18493 MB/s
[    7.896483] raid6: avx2x2   xor() 11620 MB/s
[    7.949015] raid6: avx2x4   gen() 21512 MB/s
[    8.004557] raid6: avx2x4   xor() 12925 MB/s
[    8.009022] raid6: using algorithm avx2x4 gen() 21512 MB/s
[    8.013726] raid6: .... xor() 12925 MB/s, rmw enabled
[    8.019249] raid6: using avx2x2 recovery algorithm
[    8.028535] xor: automatically using best checksumming function   avx       
[    8.037944] async_tx: api initialized (async)
done.
Begin: Running /scripts/init-premount ... done.
Begin: Mounting root file system ... Begin: Running /scripts/local-top ... done.
Begin: Running /scripts/local-premount ... [    8.119354] Btrfs loaded, crc32c=crc32c-intel
Scanning for Btrfs filesystems
done.
Warning: fsck not present, so skipping root file system
[    8.211674] EXT4-fs (sda1): mounted filesystem with ordered data mode. Opts: (null)
done.
Begin: Running /scripts/local-bottom ... done.
Begin: Running /scripts/init-bottom ... done.
[    8.579335] ip_tables: (C) 2000-2006 Netfilter Core Team
[    8.601404] systemd[1]: systemd 237 running in system mode. (+PAM +AUDIT +SELINUX +IMA +APPARMOR +SMACK +SYSVINIT +UTMP +LIBCRYPTSETUP +GCRYPT +GNUTLS +ACL +XZ +LZ4 +SECCOMP +BLKID +ELFUTILS +KMOD -IDN2 +IDN -PCRE2 default-hierarchy=hybrid)
[    8.617715] systemd[1]: Detected virtualization oracle.
[    8.628109] systemd[1]: Detected architecture x86-64.

Welcome to [1mUbuntu 18.04.6 LTS[0m!

[    8.652772] systemd[1]: Set hostname to <ubuntu>.
[    8.667489] systemd[1]: Initializing machine ID from random generator.
[    8.673471] systemd[1]: Installed transient /etc/machine-id file.
[    9.228013] systemd[1]: Started Forward Password Requests to Wall Directory Watch.
[[0;32m  OK  [0m] Started Forward Password Requests to Wall Directory Watch.
[    9.238499] systemd[1]: Reached target Swap.
[[0;32m  OK  [0m] Reached target Swap.
[    9.259935] systemd[1]: Created slice System Slice.
[[0;32m  OK  [0m] Created slice System Slice.
[    9.268029] systemd[1]: Listening on Journal Socket.
[[0;32m  OK  [0m] Listening on Journal Socket.
         Mounting Kernel Debug File System...
[[0;32m  OK  [0m] Listening on fsck to fsckd communication Socket.
         Starting File System Check on Root Device...
[[0;32m  OK  [0m] Created slice system-serial\x2dgetty.slice.
         Starting Uncomplicated firewall...
[[0;32m  OK  [0m] Created slice User and Session Slice.
[[0;32m  OK  [0m] Listening on udev Kernel Socket.
         Starting Set the console keyboard layout...
[[0;32m  OK  [0m] Listening on Device-mapper event daemon FIFOs.
[[0;32m  OK  [0m] Listening on udev Control Socket.
[[0;32m  OK  [0m] Listening on LVM2 poll daemon socket.
[[0;32m  OK  [0m] Listening on Journal Socket (/dev/log).
         Mounting Huge Pages File System...
[[0;32m  OK  [0m] Listening on Network Service Netlink Socket.
[[0;32m  OK  [0m] Set up automount Arbitrary Executab…rmats File System Automount Point.
         Mounting POSIX Message Queue File System...
         Starting udev Coldplug all Devices...
[[0;32m  OK  [0m] Listening on Journal Audit Socket.
[[0;32m  OK  [0m] Reached target User and Group Name Lookups.
[[0;32m  OK  [0m] Listening on /dev/initctl Compatibility Named Pipe.
[[0;32m  OK  [0m] Reached target System Time Synchronized.
[[0;32m  OK  [0m] Reached target Slices.
[[0;32m  OK  [0m] Listening on LVM2 metadata daemon socket.
         Starting Monitoring of LVM2 mirrors…ng dmeventd or progress polling...
         Starting Create list of required st…ce nodes for the current kernel...
[[0;32m  OK  [0m] Listening on Syslog Socket.
         Starting Journal Service...
         Starting Load Kernel Modules...
[[0;32m  OK  [0m] Mounted Kernel Debug File System.
[[0;32m  OK  [0m] Started File System Check on Root Device.
[[0;32m  OK  [0m] Started Uncomplicated firewall.
[[0;32m  OK  [0m] Mounted Huge Pages File System.
[[0;32m  OK  [0m] Mounted POSIX Message Queue File System.
[[0;32m  OK  [0m] Started Create list of required sta…vice nodes for the current kernel.
[[0;32m  OK  [0m] Started Journal Service.
[[0;32m  OK  [0m] Started File System Check Daemon to report status.
         Starting Create Static Device Nodes in /dev...
[    9.648759] Loading iSCSI transport class v2.0-870.
         Starting Remount Root and Kernel File Systems...
[[0;32m  OK  [0m] Started udev Coldplug all Devices.
[[0;32m  OK  [0m] Started LVM2 metadata daemon.
[[0;32m  OK  [0m] Started Create Static Device Nodes in /dev.
[    9.734219] iscsi: registered transport (tcp)
[    9.802114] iscsi: registered transport (iser)
[[0;32m  OK  [[    9.809486] EXT4-fs (sda1): re-mounted. Opts: (null)
0m] Started Load Kernel Modules.
         Starting Apply Kernel Variables...
         Mounting Kernel Configuration File System...
         Mounting FUSE Control File System...
[[0;32m  OK  [0m] Started Monitoring of LVM2 mirrors,…sing dmeventd or progress polling.
[[0;32m  OK  [0m] Started Remount Root and Kernel File Systems.
[[0;32m  OK  [0m] Mounted Kernel Configuration File System.
[[0;32m  OK  [0m] Mounted FUSE Control File System.
         Starting Flush Journal to Persistent Storage...
         Starting udev Kernel Device Manager...
         Starting Load/Save Random Seed...
[    9.905116] systemd-journald[408]: Received request to flush runtime journal from PID 1
[[0;32m  OK  [0m] Started Load/Save Random Seed.
[[0;32m  OK  [0m] Started Apply Kernel Variables.
[[0;32m  OK  [0m] Started udev Kernel Device Manager.
[[0;32m  OK  [0m] Started Flush Journal to Persistent Storage.
[[0;32m  OK  [0m] Found device /dev/ttyS0.
[[0;32m  OK  [0m] Listening on Load/Save RF Kill Switch Status /dev/rfkill Watch.
         Mounting Arbitrary Executable File Formats File System...
[[0;32m  OK  [0m] Mounted Arbitrary Executable File Formats File System.
[[0;32m  OK  [0m] Started Set the console keyboard layout.
[[0;32m  OK  [0m] Reached target Local File Systems (Pre).
[[0;32m  OK  [0m] Reached target Local File Systems.
         Starting Create Volatile Files and Directories...
         Starting ebtables ruleset management...
         Starting Commit a transient machine-id on disk...
         Starting Set console font and keymap...
         Starting AppArmor initialization...
         Starting Tell Plymouth To Write Out Runtime Data...
[[0;32m  OK  [0m] Started Dispatch Password Requests to Console Directory Watch.
[[0;32m  OK  [0m] Reached target Local Encrypted Volumes.
[[0;32m  OK  [0m] Started Tell Plymouth To Write Out Runtime Data.
[[0;32m  OK  [0m] Started Create Volatile Files and Directories.
         Starting Update UTMP about System Boot/Shutdown...
[[0;32m  OK  [0m] Started Update UTMP about System Boot/Shutdown.
[[0;32m  OK  [0m] Started Commit a transient machine-id on disk.
[[0;32m  OK  [0m] Started ebtables ruleset management.
[[0;32m  OK  [0m] Started AppArmor initialization.
         Starting Initial cloud-init job (pre-networking)...
         Starting Load AppArmor profiles managed internally by snapd...
[[0;32m  OK  [0m] Started Load AppArmor profiles managed internally by snapd.
[[0;32m  OK  [0m] Started Set console font and keymap.
[   17.899720] cloud-init[789]: Cloud-init v. 22.4.2-0ubuntu0~18.04.1 running 'init-local' at Sun, 25 Dec 2022 01:24:32 +0000. Up 17.41 seconds.
[[0;32m  OK  [0m] Started Initial cloud-init job (pre-networking).
[[0;32m  OK  [0m] Reached target Network (Pre).
         Starting Network Service...
[[0;32m  OK  [0m] Started Network Service.
         Starting Wait for Network to be Configured...
         Starting Network Name Resolution...
[[0;32m  OK  [0m] Started Network Name Resolution.
[[0;32m  OK  [0m] Reached target Host and Network Name Lookups.
[[0;32m  OK  [0m] Reached target Network.
[[0;32m  OK  [0m] Started Wait for Network to be Configured.
         Starting Initial cloud-init job (metadata service crawler)...
[   20.434685] cloud-init[950]: Cloud-init v. 22.4.2-0ubuntu0~18.04.1 running 'init' at Sun, 25 Dec 2022 01:24:35 +0000. Up 20.24 seconds.
[   20.438500] cloud-init[950]: ci-info: ++++++++++++++++++++++++++++++++++++++Net device info+++++++++++++++++++++++++++++++++++++++
[   20.441856] cloud-init[950]: ci-info: +--------+-------+----------------------------+---------------+--------+-------------------+
[   20.448489] cloud-init[950]: ci-info: | Device |   Up  |          Address           |      Mask     | Scope  |     Hw-Address    |
[   20.452310] cloud-init[950]: ci-info: +--------+-------+----------------------------+---------------+--------+-------------------+
[   20.456406] cloud-init[950]: ci-info: | enp0s3 |  True |         10.0.2.15          | 255.255.255.0 | global | 02:40:49:ac:f0:20 |
[   20.460628] cloud-init[950]: ci-info: | enp0s3 |  True | fe80::40:49ff:feac:f020/64 |       .       |  link  | 02:40:49:ac:f0:20 |
[   20.464499] cloud-init[950]: ci-info: | enp0s8 | False |             .              |       .       |   .    | 08:00:27:0c:22:6a |
[   20.468174] cloud-init[950]: ci-info: |   lo   |  True |         127.0.0.1          |   255.0.0.0   |  host  |         .         |
[   20.472575] cloud-init[950]: ci-info: |   lo   |  True |          ::1/128           |       .       |  host  |         .         |
[   20.476918] cloud-init[950]: ci-info: +--------+-------+----------------------------+---------------+--------+-------------------+
[   20.481088] cloud-init[950]: ci-info: ++++++++++++++++++++++++++++Route IPv4 info+++++++++++++++++++++++++++++
[   20.484237] cloud-init[950]: ci-info: +-------+-------------+----------+-----------------+-----------+-------+
[   20.487614] cloud-init[950]: ci-info: | Route | Destination | Gateway  |     Genmask     | Interface | Flags |
[   20.491596] cloud-init[950]: ci-info: +-------+-------------+----------+-----------------+-----------+-------+
[   20.495533] cloud-init[950]: ci-info: |   0   |   0.0.0.0   | 10.0.2.2 |     0.0.0.0     |   enp0s3  |   UG  |
[   20.499122] cloud-init[950]: ci-info: |   1   |   10.0.2.0  | 0.0.0.0  |  255.255.255.0  |   enp0s3  |   U   |
[   20.503168] cloud-init[950]: ci-info: |   2   |   10.0.2.2  | 0.0.0.0  | 255.255.255.255 |   enp0s3  |   UH  |
[   20.506645] cloud-init[950]: ci-info: +-------+-------------+----------+-----------------+-----------+-------+
[   20.510234] cloud-init[950]: ci-info: +++++++++++++++++++Route IPv6 info+++++++++++++++++++
[   20.513920] cloud-init[950]: ci-info: +-------+-------------+---------+-----------+-------+
[   20.516683] cloud-init[950]: ci-info: | Route | Destination | Gateway | Interface | Flags |
[   20.519599] cloud-init[950]: ci-info: +-------+-------------+---------+-----------+-------+
[   20.523096] cloud-init[950]: ci-info: |   1   |  fe80::/64  |    ::   |   enp0s3  |   U   |
[   20.526374] cloud-init[950]: ci-info: |   3   |    local    |    ::   |   enp0s3  |   U   |
[   20.529757] cloud-init[950]: ci-info: |   4   |   ff00::/8  |    ::   |   enp0s3  |   U   |
[   20.532815] cloud-init[950]: ci-info: +-------+-------------+---------+-----------+-------+
[   21.742002] cloud-init[950]: Generating public/private rsa key pair.
[   21.745579] cloud-init[950]: Your identification has been saved in /etc/ssh/ssh_host_rsa_key.
[   21.750445] cloud-init[950]: Your public key has been saved in /etc/ssh/ssh_host_rsa_key.pub.
[   21.754818] cloud-init[950]: The key fingerprint is:
[   21.757434] cloud-init[950]: SHA256:FoGK5x0blfgyPRCJaPf4pGEQ4KG9+VWNc9+9lykhxXo root@ubuntu-bionic
[   21.762986] cloud-init[950]: The key's randomart image is:
[   21.765351] cloud-init[950]: +---[RSA 2048]----+
[   21.767761] cloud-init[950]: |.o.o ..=..       |
[   21.770037] cloud-init[950]: |o.= o = o+  .    |
[   21.772427] cloud-init[950]: |.o.+ + == o  o   |
[   21.774424] cloud-init[950]: |  .o* B.++ .o. . |
[   21.777055] cloud-init[950]: |  o+ *.*S. o.E. .|
[   21.779367] cloud-init[950]: |   .o.+.    o . +|
[   21.781869] cloud-init[950]: |    .        . +.|
[   21.784281] cloud-init[950]: |              . .|
[   21.786412] cloud-init[950]: |                 |
[   21.812833] cloud-init[950]: +----[SHA256]-----+
[   21.814994] cloud-init[950]: Generating public/private dsa key pair.
[   21.818115] cloud-init[950]: Your identification has been saved in /etc/ssh/ssh_host_dsa_key.
[   21.823585] cloud-init[950]: Your public key has been saved in /etc/ssh/ssh_host_dsa_key.pub.
[   21.828780] cloud-init[950]: The key fingerprint is:
[   21.847290] cloud-init[950]: SHA256:BRlQFZf+CTK9ExCPmHyds+0leqSqjm8tTe4Et3Xct0g root@ubuntu-bionic
[   21.855652] cloud-init[950]: The key's randomart image is:
[   21.862544] cloud-init[950]: +---[DSA 1024]----+
[   21.867888] cloud-init[950]: |      .o+++o..   |
[   21.872158] cloud-init[950]: |       ..+.=..   |
[   21.878338] cloud-init[950]: |        + ++=    |
[   21.905777] cloud-init[950]: |         oo == . |
[   21.907939] cloud-init[950]: |        S .ooE*.+|
[   21.909982] cloud-init[950]: |         o.o+*+oo|
[   21.914233] cloud-init[950]: |         =o ooo. |
[   21.916906] cloud-init[950]: |       .o.+. .   |
[   21.919020] cloud-init[950]: |      .+++o      |
[   21.921923] cloud-init[950]: +----[SHA256]-----+
[   21.924881] cloud-init[950]: Generating public/private ecdsa key pair.
[   21.936484] cloud-init[950]: Your identification has been saved in /etc/ssh/ssh_host_ecdsa_key.
[   21.944771] cloud-init[950]: Your public key has been saved in /etc/ssh/ssh_host_ecdsa_key.pub.
[   21.955871] cloud-init[950]: The key fingerprint is:
[   21.964051] cloud-init[950]: SHA256:PGYG4JFyyIx6eug63ZtAuDckNlVzHYZ4dheiOD3fIN4 root@ubuntu-bionic
[   21.972532] cloud-init[950]: The key's randomart image is:
[   21.977146] cloud-init[950]: +---[ECDSA 256]---+
[   21.980317] cloud-init[950]: | + .o+..o+...    |
[   21.983430] cloud-init[950]: |. =.++=+oo..     |
[   21.985684] cloud-init[950]: |.  +.o+=...      |
[   21.999386] cloud-init[950]: |..o   oo= o      |
[   22.007299] cloud-init[950]: |o*o    .SE .     |
[   22.039263] cloud-init[950]: |+=o    + .       |
[   22.048575] cloud-init[950]: |oo+.             |
[   22.054154] cloud-init[950]: |.o.o..           |
[   22.060813] cloud-init[950]: |o.  o.           |
[   22.065628] cloud-init[950]: +----[SHA256]-----+
[   22.082315] cloud-init[950]: Generating public/private ed25519 key pair.
[   22.093516] cloud-init[950]: Your identification has been saved in /etc/ssh/ssh_host_ed25519_key.
[   22.102056] cloud-init[950]: Your public key has been saved in /etc/ssh/ssh_host_ed25519_key.pub.
[   22.120607] cloud-init[950]: The key fingerprint is:
[   22.128624] cloud-init[950]: SHA256:aOdMUWDDGkcg7w0PSHCy6S1VCinaZ2mLlZyPMsxqskk root@ubuntu-bionic
[   22.136242] cloud-init[950]: The key's randomart image is:
[   22.145394] cloud-init[950]: +--[ED25519 256]--+
[   22.164399] cloud-init[[0;32m  OK  [0m] Started Initial cloud-init job (metadata service crawler).
[[0;32m  OK  [0m] Reached target System Initialization.
[950]: |  +o+ o+=..      |
[[0;32m  OK  [0m] Started Discard unused blocks once a week.
[   22.184701] [[0;32m  OK  [0m] Listening on D-Bus System Message Bus Socket.
[[0;32m  OK  [0m] Listening on Open-iSCSI iscsid Socket.
[[0;32m  OK  [0m] Started Daily apt download activities.
         Starting LXD - unix socket.
         Starting Socket activation for snappy daemon.
[[0;32m  OK  [0m] Started Message of the Day.
[[0;32m  OK  [0m] Started Daily apt upgrade and clean activities.
cloud-init[950]: [|. .B *..oo       |[0;32m  OK  [0m
] Started ACPI Events Check.
[[0;32m  OK  [0m] Reached target Paths.
[   22.237796] [cloud-init[0;32m  OK  [0m[950]: ] |.oo.++++.        |Listening on UUID daemon activation socket.

[[0;32m  OK  [0m] Started Daily Cleanup of Temporary Directories.
[   22.264244] [cloud-init[0;32m  OK  [0m[950]: ] |...oX..* .       |Listening on cloud-init hotplug hook socket.

[[0;32m  OK  [0m] Started Ubuntu Advantage Timer for running repeated jobs.
[   22.268386] cloud-init[950]: | oo*.++ S        |
[[0;32m  OK  [0m] Reached target Timers.
[   22.273152] [cloud-init[0;32m  OK  [0m[950]: ] |  *.o..=         |Listening on ACPID Listen Socket.

[[0;32m  OK  [0m] Reached target Cloud-config availability.
[   22.299454] [cloud-init[0;32m  OK  [0m[950]: ] | E o    o        |Reached target Network is Online.

         Starting Availability of block devices...
[[0;32m  OK  [0m] Reached target Remote File Systems (Pre).
[[0;32m  OK  [0m] Reached target Remote File Systems.
[   22.319155] cloud-init[950]: |+o               |
[[0;32m  OK  [0m] Listening on LXD - unix socket.
[[0;32m  OK  [0m] Listening on Socket activation for snappy daemon.
[   22.344818] [[0;32m  OK  [0m] Started Availability of block devices.
[[0;32m  OK  [0m] Reached target Sockets.
[[0;32m  OK  [0m] Reached target Basic System.
cloud-init[950]: |=.               |
[   22.351706] cloud-init[950]: +----[SHA256]-----+
[[0;32m  OK  [0m] Started irqbalance daemon.
         Starting Pollinate to seed the pseudo random number generator...
[[0;32m  OK  [0m] Started Deferred execution scheduler.
         Starting Login Service...
[[0;32m  OK  [0m] Started D-Bus System Message Bus.
[[0;32m  OK  [0m] Started Login Service.
         Starting LXD - container startup/shutdown...
         Starting Permit User Sessions...
         Starting LSB: Record successful boot for GRUB...
         Starting System Logging Service...
         Starting Virtualbox guest utils...
         Starting Dispatcher daemon for systemd-networkd...
[[0;32m  OK  [0m] Started Regular background program processing daemon.
[[0;32m  OK  [0m] Started FUSE filesystem for LXC.
[[0;32m  OK  [0m] Reached target Login Prompts (Pre).
         Starting Snap Daemon...
         Starting Accounts Service...
[[0;32m  OK  [0m] Started Unattended Upgrades Shutdown.
         Starting LSB: automatic crash report generation...
[[0;32m  OK  [0m] Started System Logging Service.
[[0;32m  OK  [0m] Started LXD - container startup/shutdown.
[[0;32m  OK  [0m] Started Permit User Sessions.
         Starting Hold until boot process finishes up...
         Starting Terminate Plymouth Boot Screen...
[[0;32m  OK  [0m] Started Hold until boot process finishes up.
[[0;32m  OK  [0m] Started Serial Getty on ttyS0.
         Starting Set console scheme...
[[0;32m  OK  [0m] Started Terminate Plymouth Boot Screen.
[[0;32m  OK  [0m] Started Set console scheme.
[[0;32m  OK  [0m] Created slice system-getty.slice.
[[0;32m  OK  [0m] Started Getty on tty1.
[[0;32m  OK  [0m] Reached target Login Prompts.
[[0;32m  OK  [0m] Started LSB: automatic crash report generation.
         Starting Authorization Manager...
[[0;32m  OK  [0m] Started Virtualbox guest utils.
[[0;32m  OK  [0m] Started LSB: Record successful boot for GRUB.
[[0;32m  OK  [0m] Started Authorization Manager.
[[0;32m  OK  [0m] Started Accounts Service.
[[0;32m  OK  [0m] Started Dispatcher daemon for systemd-networkd.
[[0;32m  OK  [0m] Started Snap Daemon.
         Starting Wait until snapd is fully seeded...
         Starting Time & Date Service...
[[0;32m  OK  [0m] Started Time & Date Service.
[[0;32m  OK  [0m] Started Pollinate to seed the pseudo random number generator.
         Starting OpenBSD Secure Shell server...
[[0;32m  OK  [0m] Started OpenBSD Secure Shell server.
[[0;32m  OK  [0m] Created slice User Slice of vagrant.
         Starting User Manager for UID 1000...
[[0;32m  OK  [0m] Started Session 1 of user vagrant.
[[0;32m  OK  [0m] Started User Manager for UID 1000.

Ubuntu 18.04.6 LTS ubuntu-bionic ttyS0

ubuntu-bionic login: [   32.184550] cloud-init[1717]: Cloud-init v. 22.4.2-0ubuntu0~18.04.1 running 'modules:config' at Sun, 25 Dec 2022 01:24:46 +0000. Up 31.15 seconds.
ci-info: no authorized SSH keys fingerprints found for user ubuntu.
<14>Dec 25 01:24:48 cloud-init: #############################################################
<14>Dec 25 01:24:48 cloud-init: -----BEGIN SSH HOST KEY FINGERPRINTS-----
<14>Dec 25 01:24:48 cloud-init: 1024 SHA256:BRlQFZf+CTK9ExCPmHyds+0leqSqjm8tTe4Et3Xct0g root@ubuntu-bionic (DSA)
<14>Dec 25 01:24:48 cloud-init: 256 SHA256:PGYG4JFyyIx6eug63ZtAuDckNlVzHYZ4dheiOD3fIN4 root@ubuntu-bionic (ECDSA)
<14>Dec 25 01:24:48 cloud-init: 256 SHA256:aOdMUWDDGkcg7w0PSHCy6S1VCinaZ2mLlZyPMsxqskk root@ubuntu-bionic (ED25519)
<14>Dec 25 01:24:48 cloud-init: 2048 SHA256:FoGK5x0blfgyPRCJaPf4pGEQ4KG9+VWNc9+9lykhxXo root@ubuntu-bionic (RSA)
<14>Dec 25 01:24:48 cloud-init: -----END SSH HOST KEY FINGERPRINTS-----
<14>Dec 25 01:24:48 cloud-init: #############################################################
-----BEGIN SSH HOST KEY KEYS-----
ecdsa-sha2-nistp256 AAAAE2VjZHNhLXNoYTItbmlzdHAyNTYAAAAIbmlzdHAyNTYAAABBBGhDG5uJ9B5n+LZHH+G05VhyPJF+I+/y1pG9JYwDzFbqH3OIf8QpAVlVC3wVwTkiUhCpaZDF2pQwduG/ZP6koGA= root@ubuntu-bionic
ssh-ed25519 AAAAC3NzaC1lZDI1NTE5AAAAIPy16ERdtfBLT3n7PRz6YzmsMKefgVuQrCM99dfI0og4 root@ubuntu-bionic
ssh-rsa AAAAB3NzaC1yc2EAAAADAQABAAABAQDBEuy9OxvQof5cOhFVCb56MHsNRQzVbUQZ7bkhzMA7sG7tRTiAphf+LQsVW/Qkij49x+7SYY7w6Buvf5rF+Bt7W1l34iIibDapB55KkObjwGkKy9tV/7P2m6Two8WBroRTy9wDZqz6muv29ICbfS6xN/cS1APTrQDPsckVs7Rcvl+frF3aQoG7r2rOrD/cuNoml4zsgxe0z60UKFUnRa9cFpuvb02l+UIieZkP7hqE/w0qvE34jNAle2k24BDdxdYu5uQWusUGtk5sxqNwDcUTRZqPlbjpTjnjtm9KzUCEPgd59sI5aWzJ965SIY5WnuCUDQqjpuj43QtNJAKmMguz root@ubuntu-bionic
-----END SSH HOST KEY KEYS-----
[   33.476913] cloud-init[1919]: Cloud-init v. 22.4.2-0ubuntu0~18.04.1 running 'modules:final' at Sun, 25 Dec 2022 01:24:48 +0000. Up 33.00 seconds.
[   33.485578] cloud-init[1919]: Cloud-init v. 22.4.2-0ubuntu0~18.04.1 finished at Sun, 25 Dec 2022 01:24:48 +0000. Datasource DataSourceNoCloud [seed=/dev/sdb][dsmode=net].  Up 33.45 seconds
